<?xml version="1.0" encoding="UTF-8"?>
<testng-results skipped="0" failed="0" ignored="0" total="2" passed="2">
  <reporter-output>
  </reporter-output>
  <suite name="Default suite" duration-ms="3679" started-at="2020-06-20T10:56:20Z" finished-at="2020-06-20T10:56:24Z">
    <groups>
      <group name="cucumber">
        <method signature="AbstractTestNGCucumberTests.runScenario(cucumber.api.testng.PickleEventWrapper, cucumber.api.testng.CucumberFeatureWrapper)[pri:0, instance:cucumber.Options.TestRunner@3745e5c6]" name="runScenario" class="cucumber.api.testng.AbstractTestNGCucumberTests"/>
      </group> <!-- cucumber -->
    </groups>
    <test name="Default test" duration-ms="3679" started-at="2020-06-20T10:56:20Z" finished-at="2020-06-20T10:56:24Z">
      <class name="cucumber.Options.TestRunner">
        <test-method status="PASS" signature="setUpClass()[pri:0, instance:cucumber.Options.TestRunner@3745e5c6]" name="setUpClass" is-config="true" duration-ms="181" started-at="2020-06-20T10:56:20Z" finished-at="2020-06-20T10:56:20Z">
          <reporter-output>
          </reporter-output>
        </test-method> <!-- setUpClass -->
        <test-method status="PASS" signature="runScenario(cucumber.api.testng.PickleEventWrapper, cucumber.api.testng.CucumberFeatureWrapper)[pri:0, instance:cucumber.Options.TestRunner@3745e5c6]" name="runScenario" duration-ms="3387" started-at="2020-06-20T10:56:20Z" description="Runs Cucumber Scenarios" data-provider="scenarios" finished-at="2020-06-20T10:56:24Z">
          <params>
            <param index="0">
              <value>
                <![CDATA["Verify if User is being successfully added using AddUserAPI"]]>
              </value>
            </param>
            <param index="1">
              <value>
                <![CDATA["Validating User API's"]]>
              </value>
            </param>
          </params>
          <reporter-output>
          </reporter-output>
        </test-method> <!-- runScenario -->
        <test-method status="PASS" signature="runScenario(cucumber.api.testng.PickleEventWrapper, cucumber.api.testng.CucumberFeatureWrapper)[pri:0, instance:cucumber.Options.TestRunner@3745e5c6]" name="runScenario" duration-ms="37" started-at="2020-06-20T10:56:24Z" description="Runs Cucumber Scenarios" data-provider="scenarios" finished-at="2020-06-20T10:56:24Z">
          <params>
            <param index="0">
              <value>
                <![CDATA["Verify if Delete User functionality is working"]]>
              </value>
            </param>
            <param index="1">
              <value>
                <![CDATA["Validating User API's"]]>
              </value>
            </param>
          </params>
          <reporter-output>
          </reporter-output>
        </test-method> <!-- runScenario -->
        <test-method status="PASS" signature="tearDownClass()[pri:0, instance:cucumber.Options.TestRunner@3745e5c6]" name="tearDownClass" is-config="true" duration-ms="5" started-at="2020-06-20T10:56:24Z" finished-at="2020-06-20T10:56:24Z">
          <reporter-output>
          </reporter-output>
        </test-method> <!-- tearDownClass -->
      </class> <!-- cucumber.Options.TestRunner -->
    </test> <!-- Default test -->
  </suite> <!-- Default suite -->
</testng-results>
